<?xml version="1.0" encoding="UTF-8"?>
<!-- Generated by org.testng.reporters.JUnitReportReporter -->
<testsuite hostname="DESKTOP-VE4EH14" failures="0" tests="4" name="mobile_check_tests.MobileVerificationTests" time="1.305" errors="0" timestamp="2023-09-13T14:59:15 EET" skipped="0">
  <testcase classname="mobile_check_tests.MobileVerificationTests" name="checkMobileVerification" time="0.281"/>
  <testcase classname="mobile_check_tests.MobileVerificationTests" name="checkMobileVerification" time="0.311"/>
  <testcase classname="mobile_check_tests.MobileVerificationTests" name="checkMobileVerification" time="0.390"/>
  <testcase classname="mobile_check_tests.MobileVerificationTests" name="checkMobileVerification" time="0.323"/>
</testsuite> <!-- mobile_check_tests.MobileVerificationTests -->
