<?xml version="1.0" encoding="UTF-8"?>
<!-- Generated by org.testng.reporters.JUnitReportReporter -->
<testsuite hostname="DESKTOP-VE4EH14" failures="0" tests="1" name="socialMediaChannels.SocialMediaChannelsTests" time="0.277" errors="0" timestamp="2023-09-13T14:59:15 EET" skipped="0">
  <testcase classname="socialMediaChannels.SocialMediaChannelsTests" name="receiveOTP" time="0.277"/>
</testsuite> <!-- socialMediaChannels.SocialMediaChannelsTests -->
