<?xml version="1.0" encoding="UTF-8"?>
<!-- Generated by org.testng.reporters.JUnitReportReporter -->
<testsuite hostname="DESKTOP-VE4EH14" failures="0" tests="4" name="firebase_otp_tests.FireBaseOTPTests" time="3.232" errors="0" timestamp="2023-09-13T14:59:15 EET" skipped="0">
  <testcase classname="firebase_otp_tests.FireBaseOTPTests" name="verifyFireBaseOtpTests" time="2.236"/>
  <testcase classname="firebase_otp_tests.FireBaseOTPTests" name="verifyFireBaseOtpTests" time="0.365"/>
  <testcase classname="firebase_otp_tests.FireBaseOTPTests" name="verifyFireBaseOtpTests" time="0.351"/>
  <testcase classname="firebase_otp_tests.FireBaseOTPTests" name="verifyFireBaseOtpTests" time="0.280"/>
</testsuite> <!-- firebase_otp_tests.FireBaseOTPTests -->
