<?xml version="1.0" encoding="UTF-8"?>
<!-- Generated by org.testng.reporters.JUnitReportReporter -->
<testsuite hostname="DESKTOP-VE4EH14" failures="0" tests="4" name="login_tests.LoginAndRegistrationTests" time="3.870" errors="0" timestamp="2023-09-13T14:59:15 EET" skipped="0">
  <testcase classname="login_tests.LoginAndRegistrationTests" name="checkLoginByOneAccountAndVerified" time="0.933"/>
  <testcase classname="login_tests.LoginAndRegistrationTests" name="checkLoginByOneAccountAndVerified" time="1.113"/>
  <testcase classname="login_tests.LoginAndRegistrationTests" name="checkLoginByOneAccountAndVerified" time="0.576"/>
  <testcase classname="login_tests.LoginAndRegistrationTests" name="checkLoginByOneAccountAndVerified" time="1.248"/>
</testsuite> <!-- login_tests.LoginAndRegistrationTests -->
